Populatia initiala:
0: 10111100010101000110110	x= 0.41398	f= 5.929165981936793
1: 00010010100100011001111	x= -3.564793	f= 14.081924244010814
2: 00010000101010111001110	x= -3.609289	f= 13.499968251429989
3: 01101100001000010000011	x= -1.465726	f= 16.159065701296324
4: 00111110010100110100000	x= -2.539253	f= 20.12781917801525
5: 01100111010000100111111	x= -1.57985	f= 16.863989340853376
6: 11101011101100010101001	x= 1.524047	f= 11.41190309194265
7: 00111101000111110010001	x= -2.567462	f= 20.121078425747147
8: 11110101101001000101110	x= 1.757236	f= 14.660822096366761
9: 11111010010101010110100	x= 1.867195	f= 16.50029220812544
10: 00110100010010011100100	x= -2.774495	f= 19.833877463995663
11: 01011101000110000110000	x= -1.818081	f= 18.179060954766776
12: 01110110111000111101001	x= -1.213517	f= 14.48488486474514
13: 10010001010011101010011	x= -0.594362	f= 10.227278563668154
14: 00101100110001000110110	x= -2.950767	f= 19.23174100555813
15: 01010001001010011011001	x= -2.097745	f= 19.361383880884233
16: 10100001110010110000110	x= -0.207973	f= 7.952654898116124
17: 10001011110111010011000	x= -0.721937	f= 11.075058561986395
18: 01110101010111010101100	x= -1.249266	f= 14.729374221328447
19: 00000100010001110000100	x= -3.899747	f= 8.915611633137894

Probabilitati selectie
cromozom 0 probabilitate 0.020212127276624435
cromozom 1 probabilitate 0.04800433079236474
cromozom 2 probabilitate 0.04602048203062108
cromozom 3 probabilitate 0.05508516604543583
cromozom 4 probabilitate 0.0686143792004343
cromozom 5 probabilitate 0.05748820322915357
cromozom 6 probabilitate 0.03890240861287254
cromozom 7 probabilitate 0.06859140043019946
cromozom 8 probabilitate 0.049977754560164345
cromozom 9 probabilitate 0.05624838421257763
cromozom 10 probabilitate 0.06761235170554329
cromozom 11 probabilitate 0.06197119374068095
cromozom 12 probabilitate 0.04937799639365885
cromozom 13 probabilitate 0.03486410342569444
cromozom 14 probabilitate 0.06555970909561931
cromozom 15 probabilitate 0.06600165292120652
cromozom 16 probabilitate 0.0271100646326125
cromozom 17 probabilitate 0.037754128309596804
cromozom 18 probabilitate 0.05021144413455471
cromozom 19 probabilitate 0.030392719250384715

Intervale probabilitati de selectie
0 0.020212127276624435 0.06821645806898918 0.11423694009961026 0.1693221061450461 0.2379364853454804 0.295424688574634 0.33432709718750653 0.402918497617706 0.45289625217787033 0.5091446363904479 0.5767569880959912 0.6387281818366721 0.6881061782303309 0.7229702816560254 0.7885299907516448 0.8545316436728513 0.8816417083054637 0.9193958366150605 0.9696072807496152 0.9999999999999999 
u= 0.08007845040449946 selectam cromozomul 3
u= 0.11429451707482707 selectam cromozomul 4
u= 0.2091262552101778 selectam cromozomul 5
u= 0.26076538439578156 selectam cromozomul 6
u= 0.2530345513151405 selectam cromozomul 6
u= 0.5718383768060542 selectam cromozomul 11
u= 0.08520629790880696 selectam cromozomul 3
u= 0.9465970630102902 selectam cromozomul 19
u= 0.2408211776787098 selectam cromozomul 6
u= 0.31256490557585825 selectam cromozomul 7
u= 0.09466069609152095 selectam cromozomul 3
u= 0.9738870466963699 selectam cromozomul 20
u= 0.34628849907053494 selectam cromozomul 8
u= 0.6566871854310374 selectam cromozomul 13
u= 0.3349081567495975 selectam cromozomul 8
u= 0.18847616581176063 selectam cromozomul 5
u= 0.6637265164720164 selectam cromozomul 13
u= 0.24424883745585158 selectam cromozomul 6
u= 0.3264233817061436 selectam cromozomul 7
u= 0.8050227084924335 selectam cromozomul 16

Dupa selectie:
0: 00010000101010111001110	x= -3.609289	f= 13.499968251429989
1: 01101100001000010000011	x= -1.465726	f= 16.159065701296324
2: 00111110010100110100000	x= -2.539253	f= 20.12781917801525
3: 01100111010000100111111	x= -1.57985	f= 16.863989340853376
4: 01100111010000100111111	x= -1.57985	f= 16.863989340853376
5: 00110100010010011100100	x= -2.774495	f= 19.833877463995663
6: 00010000101010111001110	x= -3.609289	f= 13.499968251429989
7: 01110101010111010101100	x= -1.249266	f= 14.729374221328447
8: 01100111010000100111111	x= -1.57985	f= 16.863989340853376
9: 11101011101100010101001	x= 1.524047	f= 11.41190309194265
10: 00010000101010111001110	x= -3.609289	f= 13.499968251429989
11: 00000100010001110000100	x= -3.899747	f= 8.915611633137894
12: 00111101000111110010001	x= -2.567462	f= 20.121078425747147
13: 01110110111000111101001	x= -1.213517	f= 14.48488486474514
14: 00111101000111110010001	x= -2.567462	f= 20.121078425747147
15: 00111110010100110100000	x= -2.539253	f= 20.12781917801525
16: 01110110111000111101001	x= -1.213517	f= 14.48488486474514
17: 01100111010000100111111	x= -1.57985	f= 16.863989340853376
18: 11101011101100010101001	x= 1.524047	f= 11.41190309194265
19: 01010001001010011011001	x= -2.097745	f= 19.361383880884233

Probabilitatea de incrucisare 0.25
0: 10111100010101000110110	u= 0.5897504272150448
1: 00010010100100011001111	u= 0.1384262134289922<0.25 participa
2: 00010000101010111001110	u= 0.3634047956052361
3: 01101100001000010000011	u= 0.20199468259983722<0.25 participa
4: 00111110010100110100000	u= 0.1909934419641307<0.25 participa
5: 01100111010000100111111	u= 0.8990483819976807
6: 11101011101100010101001	u= 0.44648916568729313
7: 00111101000111110010001	u= 0.7377776735982027
8: 11110101101001000101110	u= 0.40115900403999105
9: 11111010010101010110100	u= 0.7569307668689496
10: 00110100010010011100100	u= 0.8133781330441578
11: 01011101000110000110000	u= 0.22779157438609687<0.25 participa
12: 01110110111000111101001	u= 0.5708840228543205
13: 10010001010011101010011	u= 0.4286152824455254
14: 00101100110001000110110	u= 0.5308713208692762
15: 01010001001010011011001	u= 0.5553009901451853
16: 10100001110010110000110	u= 0.2793286623177026
17: 10001011110111010011000	u= 0.003020491450815177<0.25 participa
18: 01110101010111010101100	u= 0.32083441971043025
19: 00000100010001110000100	u= 0.9925883012876122

Recombinare dintre cromozomul 11 cu cromozomul 4
01011101000110000110000 00111110010100110100000 punct 11
Rezultat 01011101000100110100000 00111110010110000110000

Recombinare dintre cromozomul 3 cu cromozomul 17
01101100001000010000011 10001011110111010011000 punct 22
Rezultat 01101100001000010000010 10001011110111010011001

Probabilitate de mutatie pentru fiecare gena 0.01
Au fost modificati cromozomii:
2
3
8
13
15
Dupa mutatie:
0: 10111100010101000110110	x= 0.41398	f= 5.929165981936793
1: 00010010100100011001111	x= -3.564793	f= 14.081924244010814
2: 00010010101010111001110	x= -3.562414	f= 14.112176060331384
3: 01100111010010100111111	x= -1.579117	f= 16.859596767629604
4: 11101011101100010101001	x= 1.524047	f= 11.41190309194265
5: 00111101000111110010001	x= -2.567462	f= 20.121078425747147
6: 11110101101001000101110	x= 1.757236	f= 14.660822096366761
7: 11111010010101010110100	x= 1.867195	f= 16.50029220812544
8: 10110100010010011100100	x= 0.225505	f= 6.262005009220663
9: 01110110111000111101001	x= -1.213517	f= 14.48488486474514
10: 10010001010011101010011	x= -0.594362	f= 10.227278563668154
11: 00101100110001000110110	x= -2.950767	f= 19.23174100555813
12: 01010001001010011011001	x= -2.097745	f= 19.361383880884233
13: 10100001110010100000110	x= -0.208064	f= 7.953120663043833
14: 01110101010111010101100	x= -1.249266	f= 14.729374221328447
15: 00010100010001110000100	x= -3.524747	f= 14.579614489523019
16: 01011101000100110100000	x= -1.81855	f= 18.181401770898624
17: 00111110010110000110000	x= -2.538784	f= 20.12786876720733
18: 01101100001000010000010	x= -1.465727	f= 16.159072050592805
19: 10001011110111010011001	x= -0.721936	f= 11.075051793944326

Evolutia maximului:
-2.538784 20.12786876720733
-2.538784 20.12786876720733
-2.531209 20.12838884481704
-2.531209 20.12838884481704
-2.538418 20.12790605497443
-2.538413 20.127906555808188
-2.538413 20.127906555808188
-2.53823 20.12792472754723
-2.53823 20.12792472754723
-2.538156 20.127931987917897
-2.538156 20.127931987917897
-2.53823 20.12792472754723
-2.537057 20.128033866919676
-2.537132 20.12802726853164
-2.53724 20.128017675712577
-2.53724 20.128017675712577
-2.53724 20.128017675712577
-2.537039 20.12803544281361
-2.535873 20.128131161455613
-2.528117 20.128449476064024
-2.528611 20.128445677396435
-2.528611 20.128445677396435
-2.528611 20.128445677396435
-2.528611 20.128445677396435
-2.528611 20.128445677396435
-2.528611 20.128445677396435
-2.526675 20.128447768941204
-2.526675 20.128447768941204
-2.526675 20.128447768941204
-2.527041 20.12845000663227
-2.527041 20.12845000663227
-2.527041 20.12845000663227
-2.527041 20.12845000663227
-2.527041 20.12845000663227
-2.527041 20.12845000663227
-2.527041 20.12845000663227
-2.527087 20.128450201056754
-2.527098 20.128450244677133
-2.527087 20.128450201056754
-2.527087 20.128450201056754
-2.527087 20.128450201056754
-2.527087 20.128450201056754
-2.527087 20.128450201056754
-2.527098 20.128450244677133
-2.527098 20.128450244677133
-2.527098 20.128450244677133
-2.527087 20.128450201056754
-2.524102 20.12839742017585
-2.524102 20.12839742017585

Valoarea medie a performantei: 20.12827586604337